0 info it worked if it ends with ok
1 verbose cli [ '/Users/jgiven/.nvm/versions/node/v7.2.1/bin/node',
1 verbose cli   '/Users/jgiven/.nvm/versions/node/v7.2.1/bin/npm',
1 verbose cli   'run',
1 verbose cli   'render' ]
2 info using npm@3.10.10
3 info using node@v7.2.1
4 verbose run-script [ 'prerender', 'render', 'postrender' ]
5 info lifecycle colors@1.0.0~prerender: colors@1.0.0
6 silly lifecycle colors@1.0.0~prerender: no script for prerender, continuing
7 info lifecycle colors@1.0.0~render: colors@1.0.0
8 verbose lifecycle colors@1.0.0~render: unsafe-perm in lifecycle true
9 verbose lifecycle colors@1.0.0~render: PATH: /Users/jgiven/.nvm/versions/node/v7.2.1/lib/node_modules/npm/bin/node-gyp-bin:/Users/jgiven/dvl/webapps/design/react-sketchapp/examples/colors/node_modules/.bin:/Users/jgiven/.rvm/gems/ruby-2.2.4/bin:/Users/jgiven/.rvm/gems/ruby-2.2.4@global/bin:/Users/jgiven/.rvm/rubies/ruby-2.2.4/bin:/Users/jgiven/Qt5.5.1/5.5/clang_64/bin:/Users/jgiven/.nvm/versions/node/v7.2.1/bin:/usr/local/bin:/usr/bin:/bin:/usr/sbin:/sbin:/Users/jgiven/.rvm/bin
10 verbose lifecycle colors@1.0.0~render: CWD: /Users/jgiven/dvl/webapps/design/react-sketchapp/examples/colors
11 silly lifecycle colors@1.0.0~render: Args: [ '-c', 'skpm-build --watch --run' ]
12 silly lifecycle colors@1.0.0~render: Returned: code: 1  signal: null
13 info lifecycle colors@1.0.0~render: Failed to exec render script
14 verbose stack Error: colors@1.0.0 render: `skpm-build --watch --run`
14 verbose stack Exit status 1
14 verbose stack     at EventEmitter.<anonymous> (/Users/jgiven/.nvm/versions/node/v7.2.1/lib/node_modules/npm/lib/utils/lifecycle.js:255:16)
14 verbose stack     at emitTwo (events.js:106:13)
14 verbose stack     at EventEmitter.emit (events.js:191:7)
14 verbose stack     at ChildProcess.<anonymous> (/Users/jgiven/.nvm/versions/node/v7.2.1/lib/node_modules/npm/lib/utils/spawn.js:40:14)
14 verbose stack     at emitTwo (events.js:106:13)
14 verbose stack     at ChildProcess.emit (events.js:191:7)
14 verbose stack     at maybeClose (internal/child_process.js:885:16)
14 verbose stack     at Process.ChildProcess._handle.onexit (internal/child_process.js:226:5)
15 verbose pkgid colors@1.0.0
16 verbose cwd /Users/jgiven/dvl/webapps/design/react-sketchapp/examples/colors
17 error Darwin 17.2.0
18 error argv "/Users/jgiven/.nvm/versions/node/v7.2.1/bin/node" "/Users/jgiven/.nvm/versions/node/v7.2.1/bin/npm" "run" "render"
19 error node v7.2.1
20 error npm  v3.10.10
21 error code ELIFECYCLE
22 error colors@1.0.0 render: `skpm-build --watch --run`
22 error Exit status 1
23 error Failed at the colors@1.0.0 render script 'skpm-build --watch --run'.
23 error Make sure you have the latest version of node.js and npm installed.
23 error If you do, this is most likely a problem with the colors package,
23 error not with npm itself.
23 error Tell the author that this fails on your system:
23 error     skpm-build --watch --run
23 error You can get information on how to open an issue for this project with:
23 error     npm bugs colors
23 error Or if that isn't available, you can get their info via:
23 error     npm owner ls colors
23 error There is likely additional logging output above.
24 verbose exit [ 1, true ]
